<?xml version="1.0" encoding="UTF-8"?>
<testsuite xmlns:xsi="http://www.w3.org/2001/XMLSchema-instance" xsi:noNamespaceSchemaLocation="https://maven.apache.org/surefire/maven-surefire-plugin/xsd/surefire-test-report-3.0.xsd" version="3.0" name="com.gongbotao.vcash.VCashApplicationTests" time="1.068" tests="1" errors="0" skipped="0" failures="0">
  <properties>
[...]
</properties>
  <testcase name="contextLoads" classname="com.gongbotao.vcash.VCashApplicationTests" time="0.372">
    <system-out><![CDATA[16:57:57.608 [main] INFO org.springframework.test.context.support.AnnotationConfigContextLoaderUtils -- Could not detect default configuration classes for test class [com.gongbotao.vcash.VCashApplicationTests]: VCashApplicationTests does not declare any static, non-private, non-final, nested classes annotated with @Configuration.
16:57:57.647 [main] INFO org.springframework.boot.test.context.SpringBootTestContextBootstrapper -- Found @SpringBootConfiguration com.gongbotao.vcash.VCashApplication for test class com.gongbotao.vcash.VCashApplicationTests

  .   ____          _            __ _ _
 /\\ / ___'_ __ _ _(_)_ __  __ _ \ \ \ \
( ( )\___ | '_ | '_| | '_ \/ _` | \ \ \ \
 \\/  ___)| |_)| | | | | || (_| |  ) ) ) )
  '  |____| .__|_| |_|_| |_\__, | / / / /
 =========|_|==============|___/=/_/_/_/
 :: Spring Boot ::                (v3.2.5)

2026-05-26T16:57:57.809+08:00  INFO 51872 --- [v-cash-backend] [           main] c.gongbotao.vcash.VCashApplicationTests  : Starting VCashApplicationTests using Java 17.0.18 with PID 51872 (started by gongbotao in /Users/gongbotao/Java/project/gongbotao/v-cash/backend)
2026-05-26T16:57:57.810+08:00  INFO 51872 --- [v-cash-backend] [           main] c.gongbotao.vcash.VCashApplicationTests  : No active profile set, falling back to 1 default profile: "default"
2026-05-26T16:57:58.227+08:00  INFO 51872 --- [v-cash-backend] [           main] c.gongbotao.vcash.VCashApplicationTests  : Started VCashApplicationTests in 0.526 seconds (process running for 0.873)
]]></system-out>
  </testcase>
</testsuite>